<?xml version="1.0" encoding="UTF-8"?>
<testsuite name="com.example.galactic_messenger.GalacticMessengerApplicationTests" tests="1" skipped="0" failures="0" errors="0" timestamp="2023-10-20T16:54:15" hostname="PC-I2B7R1A2" time="0.817">
  <properties/>
  <testcase name="contextLoads()" classname="com.example.galactic_messenger.GalacticMessengerApplicationTests" time="0.817"/>
  <system-out><![CDATA[18:54:08.397 [Test worker] INFO org.springframework.test.context.support.AnnotationConfigContextLoaderUtils -- Could not detect default configuration classes for test class [com.example.galactic_messenger.GalacticMessengerApplicationTests]: GalacticMessengerApplicationTests does not declare any static, non-private, non-final, nested classes annotated with @Configuration.
18:54:08.680 [Test worker] INFO org.springframework.boot.test.context.SpringBootTestContextBootstrapper -- Found @SpringBootConfiguration com.example.galactic_messenger.GalacticMessengerApplication for test class com.example.galactic_messenger.GalacticMessengerApplicationTests

  .   ____          _            __ _ _
 /\\ / ___'_ __ _ _(_)_ __  __ _ \ \ \ \
( ( )\___ | '_ | '_| | '_ \/ _` | \ \ \ \
 \\/  ___)| |_)| | | | | || (_| |  ) ) ) )
  '  |____| .__|_| |_|_| |_\__, | / / / /
 =========|_|==============|___/=/_/_/_/
 :: Spring Boot ::       (v3.2.0-SNAPSHOT)

2023-10-20T18:54:09.580+02:00  INFO 35240 --- [    Test worker] c.e.g.GalacticMessengerApplicationTests  : Starting GalacticMessengerApplicationTests using Java 20.0.2 with PID 35240 (started by c in C:\Users\c\Desktop\Java\galactic_messenger)
2023-10-20T18:54:09.580+02:00  INFO 35240 --- [    Test worker] c.e.g.GalacticMessengerApplicationTests  : No active profile set, falling back to 1 default profile: "default"
2023-10-20T18:54:10.887+02:00  INFO 35240 --- [    Test worker] .s.d.r.c.RepositoryConfigurationDelegate : Bootstrapping Spring Data JPA repositories in DEFAULT mode.
2023-10-20T18:54:10.971+02:00  INFO 35240 --- [    Test worker] .s.d.r.c.RepositoryConfigurationDelegate : Finished Spring Data repository scanning in 70 ms. Found 1 JPA repository interfaces.
2023-10-20T18:54:11.697+02:00  INFO 35240 --- [    Test worker] com.zaxxer.hikari.HikariDataSource       : HikariPool-1 - Starting...
2023-10-20T18:54:12.020+02:00  INFO 35240 --- [    Test worker] com.zaxxer.hikari.pool.HikariPool        : HikariPool-1 - Added connection conn0: url=jdbc:h2:mem:testdb user=ADMIN
2023-10-20T18:54:12.030+02:00  INFO 35240 --- [    Test worker] com.zaxxer.hikari.HikariDataSource       : HikariPool-1 - Start completed.
2023-10-20T18:54:12.119+02:00  INFO 35240 --- [    Test worker] o.hibernate.jpa.internal.util.LogHelper  : HHH000204: Processing PersistenceUnitInfo [name: default]
2023-10-20T18:54:12.247+02:00  INFO 35240 --- [    Test worker] org.hibernate.Version                    : HHH000412: Hibernate ORM core version 6.3.1.Final
2023-10-20T18:54:12.325+02:00  INFO 35240 --- [    Test worker] o.h.c.internal.RegionFactoryInitiator    : HHH000026: Second-level cache disabled
2023-10-20T18:54:12.788+02:00  INFO 35240 --- [    Test worker] o.s.o.j.p.SpringPersistenceUnitInfo      : No LoadTimeWeaver setup: ignoring JPA class transformer
2023-10-20T18:54:12.894+02:00  WARN 35240 --- [    Test worker] org.hibernate.orm.deprecation            : HHH90000025: H2Dialect does not need to be specified explicitly using 'hibernate.dialect' (remove the property setting and it will be selected by default)
2023-10-20T18:54:14.222+02:00  INFO 35240 --- [    Test worker] o.h.e.t.j.p.i.JtaPlatformInitiator       : HHH000489: No JTA platform available (set 'hibernate.transaction.jta.platform' to enable JTA platform integration)
2023-10-20T18:54:14.300+02:00  INFO 35240 --- [    Test worker] j.LocalContainerEntityManagerFactoryBean : Initialized JPA EntityManagerFactory for persistence unit 'default'
2023-10-20T18:54:15.063+02:00  WARN 35240 --- [    Test worker] JpaBaseConfiguration$JpaWebConfiguration : spring.jpa.open-in-view is enabled by default. Therefore, database queries may be performed during view rendering. Explicitly configure spring.jpa.open-in-view to disable this warning
2023-10-20T18:54:15.582+02:00  INFO 35240 --- [    Test worker] o.s.b.a.h2.H2ConsoleAutoConfiguration    : H2 console available at '/h2-console'. Database available at 'jdbc:h2:mem:testdb'
2023-10-20T18:54:15.688+02:00  INFO 35240 --- [    Test worker] c.e.g.GalacticMessengerApplicationTests  : Started GalacticMessengerApplicationTests in 6.668 seconds (process running for 8.97)
]]></system-out>
  <system-err><![CDATA[]]></system-err>
</testsuite>
